08, 20, 2012 (21:27:19): UR named: addMenuItemGThread(String,GralUserAction), of type IPrimitiveOperation, and ID: 54aba683-b957-41fd-9ca7-3327d7626214 was created. Owned by the GralPrimaryWindow_ifc Class.
08, 20, 2012 (21:27:19): UR named: setWindowVisible(boolean), of type IPrimitiveOperation, and ID: 93127551-c4a8-4b31-b8bd-d97d8e80d7ea was created. Owned by the GralWindow_ifc Class.
08, 20, 2012 (21:27:19): UR named: isWindowsVisible(), of type IPrimitiveOperation, and ID: 28e47337-2900-4f33-872a-952f059d2c31 was created. Owned by the GralWindow_ifc Class.
08, 20, 2012 (21:27:19): UR named: redraw(), of type IPrimitiveOperation, and ID: 1052822c-0896-4687-86d1-bd58df24731e was created. Owned by the GralWindow_ifc Class.
08, 20, 2012 (21:27:19): UR named: closeWindow(), of type IPrimitiveOperation, and ID: c7b8fd5b-51db-4ab9-b222-e8da50cc68b0 was created. Owned by the GralWindow_ifc Class.
08, 20, 2012 (21:27:19): UR named: createWindow(String,boolean), of type IPrimitiveOperation, and ID: 8a03761a-eb4b-4820-9f69-5d52ebb44f9f was created. Owned by the GralMngBuild_ifc Class.
08, 20, 2012 (21:27:19): UR named: GralWidget, of type IClass, and ID: 1164f9c0-06e6-4119-9243-6096b5eccdcd was created. Owned by the ifc Package.
08, 20, 2012 (21:27:19): UR named: setDataPath(String), of type IPrimitiveOperation, and ID: b6a03c17-9d65-4def-b4a9-8734d764f404 was created. Owned by the GralWidget Class.
08, 20, 2012 (21:27:19): UR named: setToolTip(String), of type IPrimitiveOperation, and ID: a47cfdae-4c4a-4bce-878f-c6bb6a365e20 was created. Owned by the GralWidget Class.
08, 20, 2012 (21:27:19): UR named: getDataIx(), of type IPrimitiveOperation, and ID: 8e2c85bc-9768-4d52-8c28-20cfc95bb160 was created. Owned by the GralWidget Class.
08, 20, 2012 (21:27:19): UR named: setShowMethod(String), of type IPrimitiveOperation, and ID: 465da646-de17-4e01-958a-ad303ab22655 was created. Owned by the GralWidget Class.
08, 20, 2012 (21:27:19): UR named: setFormat(String), of type IPrimitiveOperation, and ID: 5c6da3e3-f6f5-4952-926d-572e426a0833 was created. Owned by the GralWidget Class.
08, 20, 2012 (21:27:19): UR named: setBackColor(GralColor,int_), of type IPrimitiveOperation, and ID: 327a41cf-49bc-49b2-b80d-430d8892876d was created. Owned by the GralWidget Class.
08, 20, 2012 (21:27:19): UR named: getValue(), of type IPrimitiveOperation, and ID: 0f49aac8-93b5-49cb-aba1-535264617e29 was created. Owned by the GralWidget Class.
08, 20, 2012 (21:27:19): UR named: setValue(int_,int_,Object), of type IPrimitiveOperation, and ID: 36307021-9d9f-49a2-b31e-058f5575fc9d was created. Owned by the GralWidget Class.
08, 20, 2012 (21:27:19): UR named: setOutputArea(String), of type IPrimitiveOperation, and ID: ac45910b-2d73-460a-95d0-90e2ab63091c was created. Owned by the GralArea9_ifc Class.
08, 20, 2012 (21:27:19): UR named: addFrameArea(int_,int_,int_,int_,Widgetifc), of type IPrimitiveOperation, and ID: b0deb349-2a4e-4807-9612-957745c3bdb0 was created. Owned by the GralArea9_ifc Class.
08, 20, 2012 (21:27:19): UR named: addChangeRequest(GralWidgetChangeRequ), of type IPrimitiveOperation, and ID: 330fbb58-66b9-4888-9b69-128cd876b64f was created. Owned by the GralGraphicThread Class.
08, 20, 2012 (21:27:19): UR named: pollChangeRequest(), of type IPrimitiveOperation, and ID: 28f4a332-a845-4374-97fa-924f2eef6635 was created. Owned by the GralGraphicThread Class.
08, 20, 2012 (21:27:19): UR named: addDispatchListener(GralDispatchCallbackWorker), of type IPrimitiveOperation, and ID: f1e0076b-48e3-4dc1-82bc-4a7e62cbec18 was created. Owned by the GralGraphicThread Class.
08, 20, 2012 (21:27:19): UR named: GralWindow_ifc, of type IGeneralization, and ID: ed3acf7a-63c0-4c24-b3e5-2fa1ae8d3279 was created. Owned by the GralPrimaryWindow_ifc Class.
08, 20, 2012 (21:27:19): UR named: GralWidget_ifc, of type IGeneralization, and ID: b6b964c7-b6cf-49f0-9deb-1a0aca60cba5 was created. Owned by the GralWidget Class.
08, 20, 2012 (21:27:19): UR named: itsMng, of type IAssociationEnd, and ID: 9059ece4-08b3-4b94-8feb-38b9254775d3 was created. Owned by the GralWidget Class.
08, 20, 2012 (21:27:19): UR named: GralWidgetMng, of type IDependency, and ID: f333547f-841f-4768-a68b-30f675efb932 was created. Owned by the FactorySwt Class.
08, 20, 2012 (21:27:19): UR named: name, of type IAttribute, and ID: 079393b5-8308-41b4-a8a8-d63d4532e502 was created. Owned by the GralWidget Class.
08, 20, 2012 (21:27:19): UR named: setFocus(), of type IPrimitiveOperation, and ID: f05a746b-55f8-44dc-81de-050421ae3b07 was created. Owned by the GralWidget Class.
08, 20, 2012 (21:27:19): UR named: getFormat(), of type IPrimitiveOperation, and ID: ce71a6eb-4734-4773-9635-38447f3558bd was created. Owned by the GralWidget Class.
08, 20, 2012 (21:27:19): UR named: getShowMethod(), of type IPrimitiveOperation, and ID: 0d17086e-c03d-4cfd-87a4-c0575468e65a was created. Owned by the GralWidget Class.
08, 20, 2012 (21:27:19): UR named: getVariableFromContentInfo(VariableContainer_ifc), of type IPrimitiveOperation, and ID: 03557039-3481-453e-b5b4-7e7520832cc7 was created. Owned by the GralWidget Class.
08, 20, 2012 (21:27:19): UR named: GralGridPos, of type IClass, and ID: 115f671e-1c17-4ed4-a74a-8fdfcaaf565c was created. Owned by the ifc Package.
08, 20, 2012 (21:27:19): UR named: Table, of type IClass, and ID: dea7fe05-832c-4c65-a82e-646e6f435acc was created. Owned by the pkgExtTypes Package.
08, 20, 2012 (21:27:19): UR named: VariableAccess_ifc, of type IClass, and ID: 9f206ed0-7785-4313-b7c5-b6ea3b7522dd was created. Owned by the pkgExtTypes Package.
08, 20, 2012 (21:27:19): UR named: VariableContainer_ifc, of type IClass, and ID: 947d8c01-c986-4444-a673-668cf23466e2 was created. Owned by the pkgExtTypes Package.
08, 20, 2012 (21:27:19): UR named: oContentInfo, of type IAssociationEnd, and ID: 2b507acb-30e7-4d3d-bc5f-85c868ae080b was created. Owned by the GralWidget Class.
08, 20, 2012 (21:27:19): UR named: Object, of type IDependency, and ID: 1e938773-0f8b-4fe9-8dc6-a15bc3b85e89 was created. Owned by the GralWidget_ifc Class.
08, 20, 2012 (21:27:19): UR named: actionChanging, of type IAssociationEnd, and ID: cfbd57cb-0ed0-41e1-a4ed-6a3c8ece4487 was created. Owned by the GralWidget Class.
08, 20, 2012 (21:27:19): UR named: actionShow, of type IAssociationEnd, and ID: 87bc638f-cd2f-4d0d-a5e8-746e5c8203d4 was created. Owned by the GralWidget Class.
08, 20, 2012 (21:27:19): UR named: itsCfgElement, of type IAssociationEnd, and ID: 67abf23e-1931-4e65-bfbb-b4581d117956 was created. Owned by the GralWidget Class.
08, 20, 2012 (21:27:19): UR named: panel, of type IAssociationEnd, and ID: 01c503c5-5f40-4d7b-9cf0-c01cf5e40ec4 was created. Owned by the GralGridPos Class.
08, 20, 2012 (21:27:19): UR named: Widget, of type IGeneralization, and ID: 272f14ad-071b-479a-be8d-f03001f6488c was created. Owned by the Table Class.
08, 20, 2012 (21:27:19): UR named: Object, of type IGeneralization, and ID: 10941562-81d9-4289-97c6-4aa714931d08 was created. Owned by the Widget Class.
08, 20, 2012 (21:27:19): UR named: itsObject, of type IAssociationEnd, and ID: 0d9be8e8-dc10-49ed-8554-48d5c8ba989d was created. Owned by the Widget Class.
08, 20, 2012 (21:27:19): UR named: VariableAccess_ifc, of type IDependency, and ID: c63fd6e3-1876-4539-b01e-43df0b33ddb1 was created. Owned by the GralWidget Class.
08, 20, 2012 (21:27:19): UR named: VariableContainer_ifc, of type IDependency, and ID: 8469e3de-61d6-4c5e-9e83-ac2bf9c8831a was created. Owned by the GralWidget Class.
08, 20, 2012 (21:27:19): UR named: Object, of type IGeneralization, and ID: 9086c731-22d0-4afe-9187-bd4a6314be9e was created. Owned by the GralWidget Class.
08, 20, 2012 (21:27:19): UR named: GralSubWindow, of type IClass, and ID: 73353015-14e6-4833-b352-d92eec415039 was created. Owned by the base Package.
08, 20, 2012 (21:27:19): UR named: SwtWidgetMng, of type IClass, and ID: e3268701-dfac-4a84-a68a-34a4786f271b was created. Owned by the swt Package.
08, 20, 2012 (21:27:19): UR named: theShellOfWindow, of type IAssociationEnd, and ID: 3ed1cfb4-22c6-4806-a5b0-374d01fb4c26 was created. Owned by the SwtWidgetMng Class.
08, 20, 2012 (21:27:19): UR named: GralPanelContent, of type IGeneralization, and ID: 96cc5173-0a88-4729-812b-dafad3b654f0 was created. Owned by the GralSubWindow Class.
08, 20, 2012 (21:27:19): UR named: GralSubWindow, of type IDependency, and ID: e7b12024-e5ba-454d-ab3d-10006f4e5563 was created. Owned by the GralInfoBox Class.
08, 20, 2012 (21:27:19): UR named: GuiCfgDesigner, of type IClass, and ID: 8c1b46e1-ffcc-4faf-bf6c-d61d754fa92e was created. Owned by the cfg Package.
08, 20, 2012 (21:27:19): UR named: mng, of type IAssociationEnd, and ID: 2f715e17-ce5e-4582-91b8-46404cd42290 was created. Owned by the GuiCfgDesigner Class.
08, 20, 2012 (21:27:19): UR named: widget, of type IAssociationEnd, and ID: 101a28a4-9372-42d7-bd88-1ff48d8e89be was created. Owned by the GralWidget Class.
08, 20, 2012 (21:27:19): UR named: GralPrimaryWindow, of type IClassifier, and ID: 00000000-0000-0000-0000-000000000000 was created. Owned by the base Package.
08, 20, 2012 (21:27:19): UR named: GuiThread, of type IPart, and ID: 00000000-0000-0000-0000-000000000000 was created. Owned by the GralPrimaryWindow Classifier.
08, 20, 2012 (21:27:19): UR named: MainCmdSwt, of type IClass, and ID: 5a14577d-1f95-40a9-8e57-adc31d99b237 was created. Owned by the swt Package.
08, 20, 2012 (21:27:19): UR named: Init, of type IPart, and ID: 00000000-0000-0000-0000-000000000000 was created. Owned by the SwtPrimaryWindow Class.
08, 20, 2012 (21:27:19): UR named: GralPrimaryWindow, of type IClass, and ID: 02312a32-d746-4b65-a321-d4b11a47e2c0 was created. Owned by the base Package.
08, 20, 2012 (21:27:19): UR named: createGuiWindow(cmdP), of type IPrimitiveOperation, and ID: 9001e08d-d48e-462a-ad66-fae584ee3430 was created. Owned by the FactorySwt Class.
08, 20, 2012 (21:27:19): UR named: create(LogMessage), of type IPrimitiveOperation, and ID: 89f8f4a3-cde9-405a-8789-07a1f4e07f42 was created. Owned by the SwtPrimaryWindow Class.
08, 20, 2012 (21:27:19): UR named: startGraphicThread(Runnable), of type IPrimitiveOperation, and ID: 817f8c78-6c67-4390-b4cf-a57a39acf480 was created. Owned by the GralPrimaryWindow Class.
08, 20, 2012 (21:27:19): UR named: GuiThread, of type IClassifier, and ID: 00000000-0000-0000-0000-000000000000 was created. Owned by the GralPrimaryWindow Class.
08, 20, 2012 (21:27:19): UR named: start(), of type IPrimitiveOperation, and ID: a956c7a2-0187-4be4-971c-c25d6b6fbfe8 was created. Owned by the GuiThread Classifier.
08, 20, 2012 (21:27:19): UR named: run(), of type IPrimitiveOperation, and ID: 5f5e4c44-fd53-4071-b349-8f6bed7b3979 was created. Owned by the Init Class.
08, 20, 2012 (21:27:19): UR named: setWindow(GralPrimaryWindow), of type IPrimitiveOperation, and ID: 9f067319-e87a-4b78-b3f5-32125df39439 was created. Owned by the GuiThread Classifier.
08, 20, 2012 (21:27:19): UR named: setOutputArea(String), of type IPrimitiveOperation, and ID: a149e3d6-61fc-4359-9e31-9b5648902c71 was created. Owned by the GralArea9Window Class.
08, 20, 2012 (21:27:19): UR named: buildMainWindow(String,int_,int_,int_,int_), of type IPrimitiveOperation, and ID: a0516f0d-5aee-4fe0-b339-37cc7f317bed was created. Owned by the SwtPrimaryWindow Class.
08, 20, 2012 (21:27:19): UR named: initGraphic(), of type IPrimitiveOperation, and ID: fb13d409-9edb-43b6-8e49-1ec9bd9d25a7 was created. Owned by the SwtPrimaryWindow Class.
08, 20, 2012 (21:27:19): UR named: dispatch(), of type IPrimitiveOperation, and ID: 646caa6a-2e1c-4775-9375-b91d407f4d90 was created. Owned by the GralPrimaryWindow Class.
08, 20, 2012 (21:27:19): UR named: setGralDevice(GralPrimaryWindow), of type IPrimitiveOperation, and ID: 810756dd-6f37-4538-912a-2dbbd89f9476 was created. Owned by the GralWidgetMng Class.
08, 20, 2012 (21:27:19): UR named: setInfo(GralWidget,int_,int_,Object,Object), of type IPrimitiveOperation, and ID: a0619b68-452a-4f11-9e48-9d7894e531f9 was created. Owned by the SwtWidgetMng Class.
08, 20, 2012 (21:27:19): UR named: setInfoGthread(GralWidget_ifc,int_,int_,Object,Object), of type IPrimitiveOperation, and ID: 1d3cbf91-9ea6-431d-8622-5d96c2db8a8d was created. Owned by the SwtWidgetMng Class.
08, 20, 2012 (21:27:19): UR named: GralWidgetGthreadSet_ifc, of type IDependency, and ID: 4e524724-9afc-435b-a6e6-d2ad2b3b2c8a was created. Owned by the SwtWidgetMng Class.
08, 20, 2012 (21:27:19): UR named: GralWidgetChangeRequ, of type IDependency, and ID: fb8c705f-5065-473c-b611-0bf3ee4da5fb was created. Owned by the SwtWidgetMng Class.
08, 20, 2012 (21:27:19): UR named: GralWidgetChangeRequ, of type IDependency, and ID: d9601085-da36-4a27-8752-be1e24a5a6e0 was created. Owned by the GralGraphicThread Class.
08, 20, 2012 (21:27:19): UR named: graphicOrders, of type IAssociationEnd, and ID: 73e8c803-bb96-411f-a720-75d8e260e392 was created. Owned by the GralGraphicThread Class.
08, 20, 2012 (21:27:19): UR named: delayedGraphicOrders, of type IAssociationEnd, and ID: 2bdee697-bf00-4f7b-b67c-850f277a6b24 was created. Owned by the GralGraphicThread Class.
08, 20, 2012 (21:27:19): UR named: timedOrders, of type IAssociationEnd, and ID: d6e17628-b6a8-41c4-ab98-fee1a6f2c596 was created. Owned by the GralGraphicThread Class.
08, 20, 2012 (21:27:19): UR named: widgetDescr, of type IAssociationEnd, and ID: 015c295d-5892-407f-ab29-5923420353ca was created. Owned by the GralWidgetChangeRequ Class.
08, 20, 2012 (21:27:19): UR named: GralWidgetMng, of type IDependency, and ID: 4fc3d765-5b2e-4d94-b010-f409608b2e0f was created. Owned by the WidgetChangeRequExecuter Class.
08, 20, 2012 (21:27:19): UR named: SwtTable, of type IDependency, and ID: b92c2d0b-11cd-437f-a09c-68e63c13e22e was created. Owned by the SwtWidgetMng Class.
08, 20, 2012 (21:27:19): UR named: GralWidgetGthreadSet_ifc, of type IDependency, and ID: 4c2e83c0-9558-4302-8637-2f24edb4b14c was created. Owned by the GralWidget_ifc Class.
08, 20, 2012 (21:27:19): UR named: addMenuItem(String,String,GralUserAction), of type IPrimitiveOperation, and ID: 9b39ba6d-16b3-420e-bb97-ff6b9661f1cb was created. Owned by the GralMenu Class.
08, 20, 2012 (21:27:19): UR named: Item, of type IPart, and ID: 00000000-0000-0000-0000-000000000000 was created. Owned by the SwtMenu Class.
08, 20, 2012 (21:27:19): UR named: menuItemSwt, of type IAssociationEnd, and ID: 9560f7f5-25e4-436f-b5ad-2c8df2965aa0 was created. Owned by the Item Class.
08, 20, 2012 (21:27:19): UR named: InspcGuiComm, of type IClass, and ID: 9a37266e-ae9d-452b-a35b-27a0c5a16146 was created. Owned by the guiInspc Package.
08, 20, 2012 (21:27:19): UR named: InspcPlugUser_ifc, of type IClass, and ID: f8ad4fec-d3c2-4c18-ae92-fe2c32a424a6 was created. Owned by the guiInspc Package.
08, 20, 2012 (21:27:19): UR named: UserInspcPlug_ifc, of type IClass, and ID: 6fa8087f-da2f-4051-889b-1168d9bf5d89 was created. Owned by the guiInspc Package.
08, 20, 2012 (21:27:19): UR named: WidgetCommAction, of type IPart, and ID: 00000000-0000-0000-0000-000000000000 was created. Owned by the InspcGuiComm Class.
08, 20, 2012 (21:27:19): UR named: execInspcRxOrder(Info), of type IPrimitiveOperation, and ID: 00cf6ae2-89fc-4755-904e-74cede54f034 was created. Owned by the WidgetCommAction Class.
08, 20, 2012 (21:27:19): UR named: inspcGui, of type IAssociationEnd, and ID: 278c3d88-335a-401b-90ac-32fcbfe9665d was created. Owned by the InspcGuiComm Class.
08, 20, 2012 (21:27:19): UR named: inspcComm, of type IAssociationEnd, and ID: 1d53f13f-c339-4452-bfc0-2c0effc4a9e2 was created. Owned by the InspcGui Class.
08, 20, 2012 (21:27:19): UR named: comm, of type IAssociationEnd, and ID: a93d9431-752d-4609-8a45-a44d488c7902 was created. Owned by the InspcCurveView Class.
08, 20, 2012 (21:27:19): UR named: user, of type IAssociationEnd, and ID: 07e58d52-994f-4d1a-890d-d93164671abb was created. Owned by the InspcGuiComm Class.
08, 20, 2012 (21:27:19): UR named: inspcAccessor, of type IAssociationEnd, and ID: 0748ad7d-b138-430c-8b1d-5af591b96535 was created. Owned by the InspcGuiComm Class.
08, 20, 2012 (21:27:19): UR named: WidgetCommAction, of type IDependency, and ID: 0cb2b84d-a274-452c-b0e4-41c0f08a25b9 was created. Owned by the InspcGuiComm Class.
08, 20, 2012 (21:27:19): UR named: InspcAccessExecRxOrder_ifc, of type IGeneralization, and ID: 4620482d-921f-4f13-a299-20f2ac681122 was created. Owned by the WidgetCommAction Class.
08, 20, 2012 (21:27:19): UR named: itsGralWidget, of type IAssociationEnd, and ID: ee8752d7-b07f-47d2-8cf6-f2d62c056db3 was created. Owned by the WidgetCommAction Class.
08, 20, 2012 (21:27:19): UR named: InspcAccessExecRxOrder_ifc, of type IGeneralization, and ID: 664642c2-9072-48f5-8bf1-5c0bd5e1ff09 was created. Owned by the InspcVariable Class.
08, 20, 2012 (21:27:19): UR named: InspcAccessExecAnswerTelg_ifc, of type IPart, and ID: 00000000-0000-0000-0000-000000000000 was created. Owned by the InspcAccessEvaluatorRxTelg Class.
08, 20, 2012 (21:27:19): UR named: TableItemWidget, of type IPart, and ID: 00000000-0000-0000-0000-000000000000 was created. Owned by the SwtTable Class.
08, 20, 2012 (21:27:19): UR named: table, of type IAssociationEnd, and ID: 7cb489a4-0ed0-4cdc-ba36-8436386156ef was created. Owned by the GralSelectList Class.
08, 20, 2012 (21:27:19): UR named: GralTableLine_ifc, of type IDependency, and ID: aadd9025-fffb-426c-bfa9-0555cd4d233c was created. Owned by the SwtTable Class.
08, 20, 2012 (21:27:19): UR named: TableItem, of type IDependency, and ID: 9f0637fc-a3e4-466c-a284-dd52e6d315c5 was created. Owned by the SwtTable Class.
08, 20, 2012 (21:27:19): UR named: item, of type IAssociationEnd, and ID: 72fe5c95-2ab0-4f79-be5f-a3add2431488 was created. Owned by the TableItemWidget Class.
